# JRE version: OpenJDK Runtime Environment Temurin-17.0.7+7 (17.0.7+7) (build 17.0.7+7)
# Java VM: OpenJDK 64-Bit Server VM Temurin-17.0.7+7 (17.0.7+7, mixed mode, emulated-client, tiered, compressed oops, compressed class ptrs, g1 gc, windows-amd64)
GC Precious Log:
 CPUs: 4 total, 4 available
 Memory: 3962M
 Large Page Support: Disabled
 NUMA Support: Disabled
 Compressed Oops: Enabled (32-bit)
 Heap Region Size: 1M
 Heap Min Capacity: 8M
 Heap Initial Capacity: 62M
 Heap Max Capacity: 992M
 Pre-touch: Disabled
 Parallel Workers: 4
 Concurrent Workers: 1
 Concurrent Refinement Workers: 4
 Periodic GC: Disabled
Heap:
 garbage-first heap   total 63488K, used 27021K [0x00000000c2000000, 0x0000000100000000)
  region size 1024K, 1 young (1024K), 1 survivors (1024K)
 Metaspace       used 61865K, committed 62208K, reserved 1114112K
  class space    used 8320K, committed 8512K, reserved 1048576K
GC Heap History (20 events):
Event: 47.913 GC heap after
{Heap after GC invocations=25 (full 0):
 garbage-first heap   total 37888K, used 20856K [0x00000000c2000000, 0x0000000100000000)
  region size 1024K, 1 young (1024K), 1 survivors (1024K)
 Metaspace       used 52541K, committed 52864K, reserved 1114112K
  class space    used 7029K, committed 7168K, reserved 1048576K
}
Event: 49.210 GC heap before
{Heap before GC invocations=25 (full 0):
 garbage-first heap   total 37888K, used 31096K [0x00000000c2000000, 0x0000000100000000)
  region size 1024K, 11 young (11264K), 1 survivors (1024K)
 Metaspace       used 54282K, committed 54592K, reserved 1114112K
  class space    used 7265K, committed 7424K, reserved 1048576K
}
Event: 49.217 GC heap after
{Heap after GC invocations=26 (full 0):
 garbage-first heap   total 37888K, used 21578K [0x00000000c2000000, 0x0000000100000000)
  region size 1024K, 2 young (2048K), 2 survivors (2048K)
 Metaspace       used 54282K, committed 54592K, reserved 1114112K
  class space    used 7265K, committed 7424K, reserved 1048576K
}
Event: 50.518 GC heap before
{Heap before GC invocations=27 (full 0):
 garbage-first heap   total 39936K, used 29770K [0x00000000c2000000, 0x0000000100000000)
  region size 1024K, 11 young (11264K), 2 survivors (2048K)
 Metaspace       used 55959K, committed 56320K, reserved 1114112K
  class space    used 7502K, committed 7680K, reserved 1048576K
}
Event: 50.524 GC heap after
{Heap after GC invocations=28 (full 0):
 garbage-first heap   total 39936K, used 22293K [0x00000000c2000000, 0x0000000100000000)
  region size 1024K, 2 young (2048K), 2 survivors (2048K)
 Metaspace       used 55959K, committed 56320K, reserved 1114112K
  class space    used 7502K, committed 7680K, reserved 1048576K
}
Event: 52.546 GC heap before
{Heap before GC invocations=28 (full 0):
 garbage-first heap   total 39936K, used 31509K [0x00000000c2000000, 0x0000000100000000)
  region size 1024K, 11 young (11264K), 2 survivors (2048K)
 Metaspace       used 56398K, committed 56704K, reserved 1114112K
  class space    used 7580K, committed 7744K, reserved 1048576K
}
Event: 52.553 GC heap after
{Heap after GC invocations=29 (full 0):
 garbage-first heap   total 39936K, used 22798K [0x00000000c2000000, 0x0000000100000000)
  region size 1024K, 2 young (2048K), 2 survivors (2048K)
 Metaspace       used 56398K, committed 56704K, reserved 1114112K
  class space    used 7580K, committed 7744K, reserved 1048576K
}
Event: 53.639 GC heap before
{Heap before GC invocations=30 (full 0):
 garbage-first heap   total 40960K, used 32014K [0x00000000c2000000, 0x0000000100000000)
  region size 1024K, 11 young (11264K), 2 survivors (2048K)
 Metaspace       used 57448K, committed 57728K, reserved 1114112K
  class space    used 7731K, committed 7872K, reserved 1048576K
}
Event: 53.644 GC heap after
{Heap after GC invocations=31 (full 0):
 garbage-first heap   total 40960K, used 23230K [0x00000000c2000000, 0x0000000100000000)
  region size 1024K, 1 young (1024K), 1 survivors (1024K)
 Metaspace       used 57448K, committed 57728K, reserved 1114112K
  class space    used 7731K, committed 7872K, reserved 1048576K
}
Event: 56.024 GC heap before
{Heap before GC invocations=31 (full 0):
 garbage-first heap   total 40960K, used 32446K [0x00000000c2000000, 0x0000000100000000)
  region size 1024K, 11 young (11264K), 1 survivors (1024K)
 Metaspace       used 58925K, committed 59328K, reserved 1114112K
  class space    used 7897K, committed 8128K, reserved 1048576K
}
Event: 56.028 GC heap after
{Heap after GC invocations=32 (full 0):
 garbage-first heap   total 40960K, used 23763K [0x00000000c2000000, 0x0000000100000000)
  region size 1024K, 2 young (2048K), 2 survivors (2048K)
 Metaspace       used 58925K, committed 59328K, reserved 1114112K
  class space    used 7897K, committed 8128K, reserved 1048576K
}
Event: 56.827 GC heap before
{Heap before GC invocations=33 (full 0):
 garbage-first heap   total 43008K, used 31955K [0x00000000c2000000, 0x0000000100000000)
  region size 1024K, 11 young (11264K), 2 survivors (2048K)
 Metaspace       used 59035K, committed 59456K, reserved 1114112K
  class space    used 7909K, committed 8128K, reserved 1048576K
}
Event: 56.837 GC heap after
{Heap after GC invocations=34 (full 0):
 garbage-first heap   total 43008K, used 24290K [0x00000000c2000000, 0x0000000100000000)
  region size 1024K, 2 young (2048K), 2 survivors (2048K)
 Metaspace       used 59035K, committed 59456K, reserved 1114112K
  class space    used 7909K, committed 8128K, reserved 1048576K
}
Event: 59.588 GC heap before
{Heap before GC invocations=34 (full 0):
 garbage-first heap   total 43008K, used 34530K [0x00000000c2000000, 0x0000000100000000)
  region size 1024K, 12 young (12288K), 2 survivors (2048K)
 Metaspace       used 59896K, committed 60288K, reserved 1114112K
  class space    used 8045K, committed 8256K, reserved 1048576K
}
Event: 59.602 GC heap after
{Heap after GC invocations=35 (full 0):
 garbage-first heap   total 43008K, used 25505K [0x00000000c2000000, 0x0000000100000000)
  region size 1024K, 2 young (2048K), 2 survivors (2048K)
 Metaspace       used 59896K, committed 60288K, reserved 1114112K
  class space    used 8045K, committed 8256K, reserved 1048576K
}
Event: 61.333 GC heap before
{Heap before GC invocations=36 (full 0):
 garbage-first heap   total 45056K, used 34721K [0x00000000c2000000, 0x0000000100000000)
  region size 1024K, 11 young (11264K), 2 survivors (2048K)
 Metaspace       used 61106K, committed 61504K, reserved 1114112K
  class space    used 8214K, committed 8448K, reserved 1048576K
}
Event: 61.347 GC heap after
{Heap after GC invocations=37 (full 0):
 garbage-first heap   total 45056K, used 26686K [0x00000000c2000000, 0x0000000100000000)
  region size 1024K, 2 young (2048K), 2 survivors (2048K)
 Metaspace       used 61106K, committed 61504K, reserved 1114112K
  class space    used 8214K, committed 8448K, reserved 1048576K
}
Event: 61.400 GC heap before
{Heap before GC invocations=37 (full 0):
 garbage-first heap   total 45056K, used 27710K [0x00000000c2000000, 0x0000000100000000)
  region size 1024K, 3 young (3072K), 2 survivors (2048K)
 Metaspace       used 61189K, committed 61568K, reserved 1114112K
  class space    used 8229K, committed 8448K, reserved 1048576K
}
Event: 61.404 GC heap after
{Heap after GC invocations=38 (full 0):
 garbage-first heap   total 45056K, used 26593K [0x00000000c2000000, 0x0000000100000000)
  region size 1024K, 1 young (1024K), 1 survivors (1024K)
 Metaspace       used 61189K, committed 61568K, reserved 1114112K
  class space    used 8229K, committed 8448K, reserved 1048576K
}
Event: 146.544 GC heap before
{Heap before GC invocations=38 (full 0):
 garbage-first heap   total 45056K, used 34785K [0x00000000c2000000, 0x0000000100000000)
  region size 1024K, 10 young (10240K), 1 survivors (1024K)
 Metaspace       used 61865K, committed 62208K, reserved 1114112K
  class space    used 8320K, committed 8512K, reserved 1048576K
}

