# JRE version: OpenJDK Runtime Environment Temurin-17.0.7+7 (17.0.7+7) (build 17.0.7+7)
# Java VM: OpenJDK 64-Bit Server VM Temurin-17.0.7+7 (17.0.7+7, mixed mode, emulated-client, tiered, compressed oops, compressed class ptrs, g1 gc, windows-amd64)
GC Precious Log:
 CPUs: 4 total, 4 available
 Memory: 3962M
 Large Page Support: Disabled
 NUMA Support: Disabled
 Compressed Oops: Enabled (32-bit)
 Heap Region Size: 1M
 Heap Min Capacity: 8M
 Heap Initial Capacity: 62M
 Heap Max Capacity: 992M
 Pre-touch: Disabled
 Parallel Workers: 4
 Concurrent Workers: 1
 Concurrent Refinement Workers: 4
 Periodic GC: Disabled
Heap:
 garbage-first heap   total 75776K, used 49246K [0x00000000c2000000, 0x0000000100000000)
  region size 1024K, 26 young (26624K), 3 survivors (3072K)
 Metaspace       used 68497K, committed 69056K, reserved 1114112K
  class space    used 9155K, committed 9408K, reserved 1048576K
GC Heap History (20 events):
Event: 1108.115 GC heap before
{Heap before GC invocations=33 (full 2):
 garbage-first heap   total 78848K, used 58074K [0x00000000c2000000, 0x0000000100000000)
  region size 1024K, 36 young (36864K), 3 survivors (3072K)
 Metaspace       used 67490K, committed 67968K, reserved 1114112K
  class space    used 9055K, committed 9280K, reserved 1048576K
}
Event: 1108.138 GC heap after
{Heap after GC invocations=34 (full 2):
 garbage-first heap   total 78848K, used 27167K [0x00000000c2000000, 0x0000000100000000)
  region size 1024K, 3 young (3072K), 3 survivors (3072K)
 Metaspace       used 67490K, committed 67968K, reserved 1114112K
  class space    used 9055K, committed 9280K, reserved 1048576K
}
Event: 1237.268 GC heap before
{Heap before GC invocations=34 (full 2):
 garbage-first heap   total 78848K, used 48671K [0x00000000c2000000, 0x0000000100000000)
  region size 1024K, 25 young (25600K), 3 survivors (3072K)
 Metaspace       used 67523K, committed 68032K, reserved 1114112K
  class space    used 9057K, committed 9280K, reserved 1048576K
}
Event: 1238.058 GC heap after
{Heap after GC invocations=35 (full 3):
 garbage-first heap   total 75776K, used 21688K [0x00000000c2000000, 0x0000000100000000)
  region size 1024K, 0 young (0K), 0 survivors (0K)
 Metaspace       used 67489K, committed 68032K, reserved 1114112K
  class space    used 9048K, committed 9280K, reserved 1048576K
}
Event: 1241.994 GC heap before
{Heap before GC invocations=35 (full 3):
 garbage-first heap   total 75776K, used 56504K [0x00000000c2000000, 0x0000000100000000)
  region size 1024K, 34 young (34816K), 0 survivors (0K)
 Metaspace       used 67622K, committed 68096K, reserved 1114112K
  class space    used 9071K, committed 9280K, reserved 1048576K
}
Event: 1242.013 GC heap after
{Heap after GC invocations=36 (full 3):
 garbage-first heap   total 75776K, used 24466K [0x00000000c2000000, 0x0000000100000000)
  region size 1024K, 3 young (3072K), 3 survivors (3072K)
 Metaspace       used 67622K, committed 68096K, reserved 1114112K
  class space    used 9071K, committed 9280K, reserved 1048576K
}
Event: 1244.000 GC heap before
{Heap before GC invocations=36 (full 3):
 garbage-first heap   total 75776K, used 58258K [0x00000000c2000000, 0x0000000100000000)
  region size 1024K, 36 young (36864K), 3 survivors (3072K)
 Metaspace       used 67966K, committed 68480K, reserved 1114112K
  class space    used 9101K, committed 9344K, reserved 1048576K
}
Event: 1244.034 GC heap after
{Heap after GC invocations=37 (full 3):
 garbage-first heap   total 75776K, used 26488K [0x00000000c2000000, 0x0000000100000000)
  region size 1024K, 5 young (5120K), 5 survivors (5120K)
 Metaspace       used 67966K, committed 68480K, reserved 1114112K
  class space    used 9101K, committed 9344K, reserved 1048576K
}
Event: 1276.135 GC heap before
{Heap before GC invocations=37 (full 3):
 garbage-first heap   total 75776K, used 58232K [0x00000000c2000000, 0x0000000100000000)
  region size 1024K, 37 young (37888K), 5 survivors (5120K)
 Metaspace       used 68037K, committed 68544K, reserved 1114112K
  class space    used 9112K, committed 9344K, reserved 1048576K
}
Event: 1277.286 GC heap after
{Heap after GC invocations=38 (full 4):
 garbage-first heap   total 75776K, used 22536K [0x00000000c2000000, 0x0000000100000000)
  region size 1024K, 0 young (0K), 0 survivors (0K)
 Metaspace       used 68025K, committed 68544K, reserved 1114112K
  class space    used 9110K, committed 9344K, reserved 1048576K
}
Event: 1280.380 GC heap before
{Heap before GC invocations=38 (full 4):
 garbage-first heap   total 75776K, used 57352K [0x00000000c2000000, 0x0000000100000000)
  region size 1024K, 34 young (34816K), 0 survivors (0K)
 Metaspace       used 68169K, committed 68736K, reserved 1114112K
  class space    used 9132K, committed 9408K, reserved 1048576K
}
Event: 1280.392 GC heap after
{Heap after GC invocations=39 (full 4):
 garbage-first heap   total 75776K, used 25367K [0x00000000c2000000, 0x0000000100000000)
  region size 1024K, 3 young (3072K), 3 survivors (3072K)
 Metaspace       used 68169K, committed 68736K, reserved 1114112K
  class space    used 9132K, committed 9408K, reserved 1048576K
}
Event: 1291.724 GC heap before
{Heap before GC invocations=39 (full 4):
 garbage-first heap   total 75776K, used 58135K [0x00000000c2000000, 0x0000000100000000)
  region size 1024K, 35 young (35840K), 3 survivors (3072K)
 Metaspace       used 68458K, committed 68992K, reserved 1114112K
  class space    used 9156K, committed 9408K, reserved 1048576K
}
Event: 1291.732 GC heap after
{Heap after GC invocations=40 (full 4):
 garbage-first heap   total 75776K, used 27193K [0x00000000c2000000, 0x0000000100000000)
  region size 1024K, 5 young (5120K), 5 survivors (5120K)
 Metaspace       used 68458K, committed 68992K, reserved 1114112K
  class space    used 9156K, committed 9408K, reserved 1048576K
}
Event: 1361.870 GC heap before
{Heap before GC invocations=40 (full 4):
 garbage-first heap   total 75776K, used 49721K [0x00000000c2000000, 0x0000000100000000)
  region size 1024K, 28 young (28672K), 5 survivors (5120K)
 Metaspace       used 68519K, committed 69056K, reserved 1114112K
  class space    used 9160K, committed 9408K, reserved 1048576K
}
Event: 1363.231 GC heap after
{Heap after GC invocations=41 (full 5):
 garbage-first heap   total 75776K, used 21927K [0x00000000c2000000, 0x0000000100000000)
  region size 1024K, 0 young (0K), 0 survivors (0K)
 Metaspace       used 68059K, committed 68928K, reserved 1114112K
  class space    used 9111K, committed 9408K, reserved 1048576K
}
Event: 1366.089 GC heap before
{Heap before GC invocations=41 (full 5):
 garbage-first heap   total 75776K, used 57767K [0x00000000c2000000, 0x0000000100000000)
  region size 1024K, 35 young (35840K), 0 survivors (0K)
 Metaspace       used 68185K, committed 68928K, reserved 1114112K
  class space    used 9131K, committed 9408K, reserved 1048576K
}
Event: 1366.101 GC heap after
{Heap after GC invocations=42 (full 5):
 garbage-first heap   total 75776K, used 24955K [0x00000000c2000000, 0x0000000100000000)
  region size 1024K, 3 young (3072K), 3 survivors (3072K)
 Metaspace       used 68185K, committed 68928K, reserved 1114112K
  class space    used 9131K, committed 9408K, reserved 1048576K
}
Event: 1366.945 GC heap before
{Heap before GC invocations=42 (full 5):
 garbage-first heap   total 75776K, used 58747K [0x00000000c2000000, 0x0000000100000000)
  region size 1024K, 36 young (36864K), 3 survivors (3072K)
 Metaspace       used 68467K, committed 69056K, reserved 1114112K
  class space    used 9153K, committed 9408K, reserved 1048576K
}
Event: 1366.978 GC heap after
{Heap after GC invocations=43 (full 5):
 garbage-first heap   total 75776K, used 26718K [0x00000000c2000000, 0x0000000100000000)
  region size 1024K, 3 young (3072K), 3 survivors (3072K)
 Metaspace       used 68467K, committed 69056K, reserved 1114112K
  class space    used 9153K, committed 9408K, reserved 1048576K
}

